[2025-07-13 01:50:44,605: INFO: main: Welcome to our custom logging Data Science]
[2025-07-13 03:29:21,246: INFO: common: yaml file: config\config.yaml loaded successfully]
[2025-07-13 03:29:21,259: INFO: common: yaml file: params.yaml loaded successfully]
[2025-07-13 03:29:21,270: INFO: common: yaml file: schema.yaml loaded successfully]
[2025-07-13 03:29:21,272: INFO: common: created directory at: artifacts]
[2025-07-13 03:34:24,530: INFO: common: yaml file: config\config.yaml loaded successfully]
[2025-07-13 03:34:24,533: INFO: common: yaml file: params.yaml loaded successfully]
[2025-07-13 03:34:24,535: INFO: common: yaml file: schema.yaml loaded successfully]
[2025-07-13 03:34:24,538: INFO: common: created directory at: artifacts]
[2025-07-13 03:34:24,544: INFO: common: created directory at: artifacts/data_ingestion]
[2025-07-13 03:34:37,907: INFO: common: yaml file: config\config.yaml loaded successfully]
[2025-07-13 03:34:37,910: INFO: common: yaml file: params.yaml loaded successfully]
[2025-07-13 03:34:37,912: INFO: common: yaml file: schema.yaml loaded successfully]
[2025-07-13 03:34:37,914: INFO: common: created directory at: artifacts]
[2025-07-13 03:34:37,916: INFO: common: created directory at: artifacts/data_ingestion]
[2025-07-13 03:36:35,268: INFO: common: yaml file: config\config.yaml loaded successfully]
[2025-07-13 03:36:35,271: INFO: common: yaml file: params.yaml loaded successfully]
[2025-07-13 03:36:35,273: INFO: common: yaml file: schema.yaml loaded successfully]
[2025-07-13 03:36:35,275: INFO: common: created directory at: artifacts]
[2025-07-13 03:36:35,276: INFO: common: created directory at: artifacts/data_ingestion]
[2025-07-13 03:36:45,730: INFO: common: yaml file: config\config.yaml loaded successfully]
[2025-07-13 03:36:45,732: INFO: common: yaml file: params.yaml loaded successfully]
[2025-07-13 03:36:45,733: INFO: common: yaml file: schema.yaml loaded successfully]
[2025-07-13 03:36:45,736: INFO: common: created directory at: artifacts]
[2025-07-13 03:36:45,737: INFO: common: created directory at: artifacts/data_ingestion]
[2025-07-13 03:38:08,487: INFO: common: yaml file: config\config.yaml loaded successfully]
[2025-07-13 03:38:08,490: INFO: common: yaml file: params.yaml loaded successfully]
[2025-07-13 03:38:08,491: INFO: common: yaml file: schema.yaml loaded successfully]
[2025-07-13 03:38:08,494: INFO: common: created directory at: artifacts]
[2025-07-13 03:38:08,495: INFO: common: created directory at: artifacts/data_ingestion]
[2025-07-13 03:38:16,511: INFO: common: yaml file: config\config.yaml loaded successfully]
[2025-07-13 03:38:16,513: INFO: common: yaml file: params.yaml loaded successfully]
[2025-07-13 03:38:16,515: INFO: common: yaml file: schema.yaml loaded successfully]
[2025-07-13 03:38:16,517: INFO: common: created directory at: artifacts]
[2025-07-13 03:38:16,519: INFO: common: created directory at: artifacts/data_ingestion]
[2025-07-13 03:44:01,403: INFO: common: yaml file: config\config.yaml loaded successfully]
[2025-07-13 03:44:01,405: INFO: common: yaml file: params.yaml loaded successfully]
[2025-07-13 03:44:01,407: INFO: common: yaml file: schema.yaml loaded successfully]
[2025-07-13 03:44:01,408: INFO: common: created directory at: artifacts]
[2025-07-13 03:44:01,410: INFO: common: created directory at: artifacts/data_ingestion]
[2025-07-13 03:44:56,981: INFO: common: yaml file: config\config.yaml loaded successfully]
[2025-07-13 03:44:56,982: INFO: common: yaml file: params.yaml loaded successfully]
[2025-07-13 03:44:56,982: INFO: common: yaml file: schema.yaml loaded successfully]
[2025-07-13 03:44:56,986: INFO: common: created directory at: artifacts]
[2025-07-13 03:44:56,987: INFO: common: created directory at: artifacts/data_ingestion]
[2025-07-13 03:45:01,391: INFO: common: yaml file: config\config.yaml loaded successfully]
[2025-07-13 03:45:01,394: INFO: common: yaml file: params.yaml loaded successfully]
[2025-07-13 03:45:01,396: INFO: common: yaml file: schema.yaml loaded successfully]
[2025-07-13 03:45:01,397: INFO: common: created directory at: artifacts]
[2025-07-13 03:45:01,399: INFO: common: created directory at: artifacts/data_ingestion]
[2025-07-13 03:46:03,180: INFO: common: yaml file: config\config.yaml loaded successfully]
[2025-07-13 03:46:03,184: INFO: common: yaml file: params.yaml loaded successfully]
[2025-07-13 03:46:03,187: INFO: common: yaml file: schema.yaml loaded successfully]
[2025-07-13 03:46:03,190: INFO: common: created directory at: artifacts]
[2025-07-13 03:46:03,192: INFO: common: created directory at: artifacts/data_ingestion]
[2025-07-13 03:48:55,407: INFO: common: yaml file: config\config.yaml loaded successfully]
[2025-07-13 03:48:55,410: INFO: common: yaml file: params.yaml loaded successfully]
[2025-07-13 03:48:55,414: INFO: common: yaml file: schema.yaml loaded successfully]
[2025-07-13 03:48:55,415: INFO: common: created directory at: artifacts]
[2025-07-13 03:48:55,417: INFO: common: created directory at: artifacts/data_ingestion]
[2025-07-13 03:48:55,418: INFO: 2281498944: File already exists]
[2025-07-13 03:49:23,804: INFO: 1771098451: ✅ Now logging will work!]
[2025-07-13 12:06:54,930: INFO: main: Welcome to our custom logging Data Science]
[2025-07-13 12:06:54,931: INFO: main: >>>>>> stage Data Ingestion Stage started <<<<<<]
[2025-07-13 12:06:54,931: ERROR: main: ConfigurationManager.__init__() missing 3 required positional arguments: 'config_filepath', 'params_filepath', and 'schema_filepath']
Traceback (most recent call last):
  File "D:\END-TO-END PROJECTS\DataScience_Project1\DataScience_Project1\main.py", line 10, in <module>
    data_ingestion.initiate_data_ingestion()
    ~~~~~~~~~~~~~~~~~~~~~~~~~~~~~~~~~~~~~~^^
  File "D:\END-TO-END PROJECTS\DataScience_Project1\DataScience_Project1\src\Data_science_project\pipeline\data_ingestion_pipeline.py", line 11, in initiate_data_ingestion
    config = ConfigurationManager()
TypeError: ConfigurationManager.__init__() missing 3 required positional arguments: 'config_filepath', 'params_filepath', and 'schema_filepath'
[2025-07-13 12:15:03,942: INFO: main: Welcome to our custom logging Data Science]
[2025-07-13 12:15:03,943: INFO: main: >>>>>> stage Data Ingestion Stage started <<<<<<]
[2025-07-13 12:15:03,943: ERROR: main: ConfigurationManager.__init__() missing 3 required positional arguments: 'config_filepath', 'params_filepath', and 'schema_filepath']
Traceback (most recent call last):
  File "D:\END-TO-END PROJECTS\DataScience_Project1\DataScience_Project1\main.py", line 10, in <module>
    data_ingestion.initiate_data_ingestion()
    ~~~~~~~~~~~~~~~~~~~~~~~~~~~~~~~~~~~~~~^^
  File "D:\END-TO-END PROJECTS\DataScience_Project1\DataScience_Project1\src\Data_science_project\pipeline\data_ingestion_pipeline.py", line 12, in initiate_data_ingestion
    config = ConfigurationManager()
TypeError: ConfigurationManager.__init__() missing 3 required positional arguments: 'config_filepath', 'params_filepath', and 'schema_filepath'
[2025-07-13 12:17:26,919: INFO: main: Welcome to our custom logging Data Science]
[2025-07-13 12:17:26,919: INFO: main: >>>>>> stage Data Ingestion Stage started <<<<<<]
[2025-07-13 12:17:26,920: ERROR: main: ConfigurationManager.__init__() missing 3 required positional arguments: 'config_filepath', 'params_filepath', and 'schema_filepath']
Traceback (most recent call last):
  File "D:\END-TO-END PROJECTS\DataScience_Project1\DataScience_Project1\main.py", line 10, in <module>
    data_ingestion.initiate_data_ingestion()
    ~~~~~~~~~~~~~~~~~~~~~~~~~~~~~~~~~~~~~~^^
  File "D:\END-TO-END PROJECTS\DataScience_Project1\DataScience_Project1\src\Data_science_project\pipeline\data_ingestion_pipeline.py", line 12, in initiate_data_ingestion
    config = ConfigurationManager()
TypeError: ConfigurationManager.__init__() missing 3 required positional arguments: 'config_filepath', 'params_filepath', and 'schema_filepath'
[2025-07-13 12:19:58,910: INFO: main: Welcome to our custom logging Data Science]
[2025-07-13 12:19:58,911: INFO: main: >>>>>> stage Data Ingestion Stage started <<<<<<]
[2025-07-13 12:19:58,912: ERROR: main: 'NoneType' object has no attribute 'local_data_file']
Traceback (most recent call last):
  File "D:\END-TO-END PROJECTS\DataScience_Project1\DataScience_Project1\main.py", line 10, in <module>
    data_ingestion.initiate_data_ingestion()
    ~~~~~~~~~~~~~~~~~~~~~~~~~~~~~~~~~~~~~~^^
  File "D:\END-TO-END PROJECTS\DataScience_Project1\DataScience_Project1\src\Data_science_project\pipeline\data_ingestion_pipeline.py", line 19, in initiate_data_ingestion
    data_ingestion.download_file()
    ~~~~~~~~~~~~~~~~~~~~~~~~~~~~^^
  File "D:\END-TO-END PROJECTS\DataScience_Project1\DataScience_Project1\src\Data_science_project\components\data_ingestion.py", line 15, in download_file
    if not os.path.exists(self.config.local_data_file):
                          ^^^^^^^^^^^^^^^^^^^^^^^^^^^
AttributeError: 'NoneType' object has no attribute 'local_data_file'
[2025-07-13 12:26:02,599: INFO: main: Welcome to our custom logging Data Science]
[2025-07-13 12:26:02,606: INFO: main: >>>>>> stage Data Ingestion Stage started <<<<<<]
[2025-07-13 12:26:02,622: ERROR: main: Argument path_to_yaml of type <class 'str'> to <function read_yaml at 0x0000023431B6B600> does not match annotation type <class 'pathlib._local.Path'>]
Traceback (most recent call last):
  File "D:\END-TO-END PROJECTS\DataScience_Project1\DataScience_Project1\main.py", line 10, in <module>
    data_ingestion.initiate_data_ingestion()
    ~~~~~~~~~~~~~~~~~~~~~~~~~~~~~~~~~~~~~~^^
  File "D:\END-TO-END PROJECTS\DataScience_Project1\DataScience_Project1\src\Data_science_project\pipeline\data_ingestion_pipeline.py", line 12, in initiate_data_ingestion
    config = ConfigurationManager(
    config_filepath="config/config.yaml",
    params_filepath="params.yaml",
    schema_filepath="schema.yaml"
    )
  File "D:\END-TO-END PROJECTS\DataScience_Project1\DataScience_Project1\src\Data_science_project\config\configuration.py", line 10, in __init__
    self.config = read_yaml(config_filepath)
                  ~~~~~~~~~^^^^^^^^^^^^^^^^^
  File "D:\ANACONDA\Lib\site-packages\ensure\main.py", line 870, in __call__
    raise EnsureError(msg.format(arg=arg, f=self.f, t=templ, valt=type(value)))
ensure.main.EnsureError: Argument path_to_yaml of type <class 'str'> to <function read_yaml at 0x0000023431B6B600> does not match annotation type <class 'pathlib._local.Path'>
[2025-07-13 12:28:10,802: INFO: main: Welcome to our custom logging Data Science]
[2025-07-13 12:28:10,802: INFO: main: >>>>>> stage Data Ingestion Stage started <<<<<<]
[2025-07-13 12:28:10,806: INFO: common: yaml file: config\config.yaml loaded successfully]
[2025-07-13 12:28:10,807: INFO: common: yaml file: params.yaml loaded successfully]
[2025-07-13 12:28:10,809: INFO: common: yaml file: schema.yaml loaded successfully]
[2025-07-13 12:28:10,811: INFO: common: created directory at: artifacts]
[2025-07-13 12:28:10,813: INFO: common: created directory at: artifacts/data_ingestion]
[2025-07-13 12:28:12,038: INFO: data_ingestion: artifacts/data_ingestion/data.zip download! with following info: 
Connection: close
Content-Length: 23329
Cache-Control: max-age=300
Content-Security-Policy: default-src 'none'; style-src 'unsafe-inline'; sandbox
Content-Type: application/zip
ETag: "c69888a4ae59bc5a893392785a938ccd4937981c06ba8a9d6a21aa52b4ab5b6e"
Strict-Transport-Security: max-age=31536000
X-Content-Type-Options: nosniff
X-Frame-Options: deny
X-XSS-Protection: 1; mode=block
X-GitHub-Request-Id: DF34:34F850:147104:466A4F:68735902
Accept-Ranges: bytes
Date: Sun, 13 Jul 2025 06:58:10 GMT
Via: 1.1 varnish
X-Served-By: cache-maa10240-MAA
X-Cache: MISS
X-Cache-Hits: 0
X-Timer: S1752389891.732382,VS0,VE229
Vary: Authorization,Accept-Encoding
Access-Control-Allow-Origin: *
Cross-Origin-Resource-Policy: cross-origin
X-Fastly-Request-ID: 73c6e5d4262eb220bb5879d6834d5647f82a59de
Expires: Sun, 13 Jul 2025 07:03:10 GMT
Source-Age: 0

]
[2025-07-13 12:28:12,084: INFO: main: >>>>>> stage Data Ingestion Stage completed <<<<<<

x==========x]
[2025-07-13 13:30:45,551: INFO: common: yaml file: config\config.yaml loaded successfully]
[2025-07-13 13:30:45,557: INFO: common: yaml file: params.yaml loaded successfully]
[2025-07-13 13:30:45,571: INFO: common: yaml file: schema.yaml loaded successfully]
[2025-07-13 13:30:45,572: INFO: common: created directory at: artifacts]
[2025-07-13 13:32:16,076: INFO: common: yaml file: config\config.yaml loaded successfully]
[2025-07-13 13:32:16,080: INFO: common: yaml file: params.yaml loaded successfully]
[2025-07-13 13:32:16,089: INFO: common: yaml file: schema.yaml loaded successfully]
[2025-07-13 13:32:16,097: INFO: common: created directory at: artifacts]
[2025-07-13 13:32:16,097: INFO: common: created directory at: artifacts/data_validation]
[2025-07-13 13:34:32,930: INFO: common: yaml file: config\config.yaml loaded successfully]
[2025-07-13 13:34:32,939: INFO: common: yaml file: params.yaml loaded successfully]
[2025-07-13 13:34:32,944: INFO: common: yaml file: schema.yaml loaded successfully]
[2025-07-13 13:34:32,949: INFO: common: created directory at: artifacts]
[2025-07-13 13:34:32,950: INFO: common: created directory at: artifacts/data_validation]
[2025-07-13 13:41:38,131: INFO: common: yaml file: config\config.yaml loaded successfully]
[2025-07-13 13:41:38,138: INFO: common: yaml file: params.yaml loaded successfully]
[2025-07-13 13:41:38,146: INFO: common: yaml file: schema.yaml loaded successfully]
[2025-07-13 13:41:38,150: INFO: common: created directory at: artifacts]
[2025-07-13 13:41:38,152: INFO: common: created directory at: artifacts/data_validation]
[2025-07-13 13:41:53,333: INFO: common: yaml file: config\config.yaml loaded successfully]
[2025-07-13 13:41:53,336: INFO: common: yaml file: params.yaml loaded successfully]
[2025-07-13 13:41:53,344: INFO: common: yaml file: schema.yaml loaded successfully]
[2025-07-13 13:41:53,349: INFO: common: created directory at: artifacts]
[2025-07-13 13:41:53,352: INFO: common: created directory at: artifacts/data_validation]
[2025-07-13 13:49:45,923: INFO: common: yaml file: config\config.yaml loaded successfully]
[2025-07-13 13:49:45,925: INFO: common: yaml file: params.yaml loaded successfully]
[2025-07-13 13:49:45,927: INFO: common: yaml file: schema.yaml loaded successfully]
[2025-07-13 13:49:45,928: INFO: common: created directory at: artifacts]
[2025-07-13 13:49:45,928: INFO: common: created directory at: artifacts/data_validation]
[2025-07-13 13:49:50,648: INFO: utils: NumExpr defaulting to 12 threads.]
[2025-07-13 13:49:54,725: INFO: common: yaml file: config\config.yaml loaded successfully]
[2025-07-13 13:49:54,733: INFO: common: yaml file: params.yaml loaded successfully]
[2025-07-13 13:49:54,741: INFO: common: yaml file: schema.yaml loaded successfully]
[2025-07-13 13:49:54,741: INFO: common: created directory at: artifacts]
[2025-07-13 13:49:54,746: INFO: common: created directory at: artifacts/data_validation]
[2025-07-13 13:49:58,767: INFO: common: yaml file: config\config.yaml loaded successfully]
[2025-07-13 13:49:58,771: INFO: common: yaml file: params.yaml loaded successfully]
[2025-07-13 13:49:58,777: INFO: common: yaml file: schema.yaml loaded successfully]
[2025-07-13 13:49:58,777: INFO: common: created directory at: artifacts]
[2025-07-13 13:49:58,785: INFO: common: created directory at: artifacts/data_validation]
[2025-07-13 13:55:11,799: INFO: common: yaml file: config\config.yaml loaded successfully]
[2025-07-13 13:55:11,801: INFO: common: yaml file: params.yaml loaded successfully]
[2025-07-13 13:55:11,803: INFO: common: yaml file: schema.yaml loaded successfully]
[2025-07-13 13:55:11,803: INFO: common: created directory at: artifacts]
[2025-07-13 13:55:11,804: INFO: common: created directory at: artifacts/data_validation]
[2025-07-13 13:56:41,320: INFO: common: yaml file: config\config.yaml loaded successfully]
[2025-07-13 13:56:41,321: INFO: common: yaml file: params.yaml loaded successfully]
[2025-07-13 13:56:41,324: INFO: common: yaml file: schema.yaml loaded successfully]
[2025-07-13 13:56:41,325: INFO: common: created directory at: artifacts]
[2025-07-13 13:56:41,325: INFO: common: created directory at: artifacts/data_validation]
[2025-07-13 13:56:41,615: INFO: utils: NumExpr defaulting to 12 threads.]
[2025-07-13 13:56:49,784: INFO: common: yaml file: config\config.yaml loaded successfully]
[2025-07-13 13:56:49,788: INFO: common: yaml file: params.yaml loaded successfully]
[2025-07-13 13:56:49,795: INFO: common: yaml file: schema.yaml loaded successfully]
[2025-07-13 13:56:49,798: INFO: common: created directory at: artifacts]
[2025-07-13 13:56:49,804: INFO: common: created directory at: artifacts/data_validation]
[2025-07-13 14:01:41,750: INFO: common: yaml file: config\config.yaml loaded successfully]
[2025-07-13 14:01:41,754: INFO: common: yaml file: params.yaml loaded successfully]
[2025-07-13 14:01:41,757: INFO: common: yaml file: schema.yaml loaded successfully]
[2025-07-13 14:01:41,762: INFO: common: created directory at: artifacts]
[2025-07-13 14:01:41,762: INFO: common: created directory at: artifacts/data_validation]
[2025-07-13 14:03:26,477: INFO: common: yaml file: config\config.yaml loaded successfully]
[2025-07-13 14:03:26,497: INFO: common: yaml file: params.yaml loaded successfully]
[2025-07-13 14:03:26,497: INFO: common: yaml file: schema.yaml loaded successfully]
[2025-07-13 14:03:26,497: INFO: common: created directory at: artifacts]
[2025-07-13 14:03:26,497: INFO: common: created directory at: artifacts/data_validation]
[2025-07-13 14:13:05,588: INFO: common: yaml file: config\config.yaml loaded successfully]
[2025-07-13 14:13:05,589: INFO: common: yaml file: params.yaml loaded successfully]
[2025-07-13 14:13:05,598: INFO: common: yaml file: schema.yaml loaded successfully]
[2025-07-13 14:13:05,598: INFO: common: created directory at: artifacts]
[2025-07-13 14:13:05,604: INFO: common: created directory at: artifacts/data_validation]
[2025-07-13 14:31:34,941: INFO: main: Welcome to our custom logging Data Science]
[2025-07-13 14:31:34,941: INFO: main: >>>>>> stage Data Ingestion Stage started <<<<<<]
[2025-07-13 14:31:34,945: INFO: common: yaml file: config\config.yaml loaded successfully]
[2025-07-13 14:31:34,946: INFO: common: yaml file: params.yaml loaded successfully]
[2025-07-13 14:31:34,948: INFO: common: yaml file: schema.yaml loaded successfully]
[2025-07-13 14:31:34,949: INFO: common: created directory at: artifacts]
[2025-07-13 14:31:34,949: INFO: common: created directory at: artifacts/data_ingestion]
[2025-07-13 14:31:34,950: INFO: data_ingestion: File already exists]
[2025-07-13 14:31:34,954: INFO: main: >>>>>> stage Data Ingestion Stage completed <<<<<<

x==========x]
[2025-07-13 14:31:34,955: INFO: main: >>>>>> stage Data Validation stage started <<<<<<]
[2025-07-13 14:31:34,958: INFO: common: yaml file: config\config.yaml loaded successfully]
[2025-07-13 14:31:34,960: INFO: common: yaml file: params.yaml loaded successfully]
[2025-07-13 14:31:34,962: INFO: common: yaml file: schema.yaml loaded successfully]
[2025-07-13 14:31:34,963: INFO: common: created directory at: artifacts]
[2025-07-13 14:31:34,964: INFO: common: created directory at: artifacts/data_validation]
[2025-07-13 14:31:35,266: INFO: utils: NumExpr defaulting to 12 threads.]
[2025-07-13 14:31:35,781: INFO: main: >>>>>> stage Data Validation stage completed <<<<<<

x==========x]
[2025-07-13 15:46:11,285: INFO: common: yaml file: config\config.yaml loaded successfully]
[2025-07-13 15:46:11,286: INFO: common: yaml file: params.yaml loaded successfully]
[2025-07-13 15:46:11,293: INFO: common: yaml file: schema.yaml loaded successfully]
[2025-07-13 15:46:11,302: INFO: common: created directory at: artifacts]
[2025-07-13 15:46:11,310: INFO: common: created directory at: artifacts/data_transformation]
[2025-07-13 15:46:11,386: INFO: 2008086615: Splited data into training and test sets]
[2025-07-13 15:46:11,386: INFO: 2008086615: (1199, 12)]
[2025-07-13 15:46:11,392: INFO: 2008086615: (400, 12)]
[2025-07-13 16:36:10,243: INFO: utils: NumExpr defaulting to 12 threads.]
[2025-07-13 16:36:11,807: INFO: main: Welcome to our custom logging Data Science]
[2025-07-13 16:36:11,807: INFO: main: >>>>>> stage Data Ingestion Stage started <<<<<<]
[2025-07-13 16:36:11,812: INFO: common: yaml file: config\config.yaml loaded successfully]
[2025-07-13 16:36:11,813: INFO: common: yaml file: params.yaml loaded successfully]
[2025-07-13 16:36:11,826: INFO: common: yaml file: schema.yaml loaded successfully]
[2025-07-13 16:36:11,837: INFO: common: created directory at: artifacts]
[2025-07-13 16:36:11,839: INFO: common: created directory at: artifacts/data_ingestion]
[2025-07-13 16:36:11,840: INFO: data_ingestion: File already exists]
[2025-07-13 16:36:11,852: INFO: main: >>>>>> stage Data Ingestion Stage completed <<<<<<

x==========x]
[2025-07-13 16:36:11,856: INFO: main: >>>>>> stage Data Validation stage started <<<<<<]
[2025-07-13 16:36:11,867: INFO: common: yaml file: config\config.yaml loaded successfully]
[2025-07-13 16:36:11,868: INFO: common: yaml file: params.yaml loaded successfully]
[2025-07-13 16:36:11,872: INFO: common: yaml file: schema.yaml loaded successfully]
[2025-07-13 16:36:11,874: INFO: common: created directory at: artifacts]
[2025-07-13 16:36:11,874: INFO: common: created directory at: artifacts/data_validation]
[2025-07-13 16:36:11,920: INFO: main: >>>>>> stage Data Validation stage completed <<<<<<

x==========x]
[2025-07-13 16:36:11,920: INFO: main: >>>>>> stage Data Transformation stage started <<<<<<]
[2025-07-13 16:36:11,942: INFO: common: yaml file: config\config.yaml loaded successfully]
[2025-07-13 16:36:11,944: INFO: common: yaml file: params.yaml loaded successfully]
[2025-07-13 16:36:11,949: INFO: common: yaml file: schema.yaml loaded successfully]
[2025-07-13 16:36:11,950: INFO: common: created directory at: artifacts]
[2025-07-13 16:36:11,952: INFO: common: created directory at: artifacts/data_transformation]
[2025-07-13 16:36:11,998: INFO: data_transformation: Splited data into training and test sets]
[2025-07-13 16:36:11,998: INFO: data_transformation: (1199, 12)]
[2025-07-13 16:36:11,999: INFO: data_transformation: (400, 12)]
[2025-07-13 16:36:12,000: INFO: main: >>>>>> stage Data Transformation stage completed <<<<<<

x==========x]
[2025-07-13 20:41:41,905: INFO: common: yaml file: config\config.yaml loaded successfully]
[2025-07-13 20:41:41,912: INFO: common: yaml file: params.yaml loaded successfully]
[2025-07-13 20:41:41,919: INFO: common: yaml file: schema.yaml loaded successfully]
[2025-07-13 20:41:41,922: INFO: common: created directory at: artifacts]
[2025-07-13 20:41:41,924: INFO: common: created directory at: artifacts/model_trainer]
[2025-07-13 21:06:33,094: INFO: utils: NumExpr defaulting to 12 threads.]
[2025-07-13 21:09:38,308: INFO: utils: NumExpr defaulting to 12 threads.]
[2025-07-13 21:09:39,654: INFO: main: Welcome to our custom logging Data Science]
[2025-07-13 21:09:39,655: INFO: main: >>>>>> stage Data Ingestion Stage started <<<<<<]
[2025-07-13 21:09:39,658: INFO: common: yaml file: config\config.yaml loaded successfully]
[2025-07-13 21:09:39,660: INFO: common: yaml file: params.yaml loaded successfully]
[2025-07-13 21:09:39,662: INFO: common: yaml file: schema.yaml loaded successfully]
[2025-07-13 21:09:39,664: INFO: common: created directory at: artifacts]
[2025-07-13 21:09:39,664: INFO: common: created directory at: artifacts/data_ingestion]
[2025-07-13 21:09:39,665: INFO: data_ingestion: File already exists]
[2025-07-13 21:09:39,713: INFO: main: >>>>>> stage Data Ingestion Stage completed <<<<<<

x==========x]
[2025-07-13 21:09:39,713: INFO: main: >>>>>> stage Data Validation stage started <<<<<<]
[2025-07-13 21:09:39,718: INFO: common: yaml file: config\config.yaml loaded successfully]
[2025-07-13 21:09:39,721: INFO: common: yaml file: params.yaml loaded successfully]
[2025-07-13 21:09:39,724: INFO: common: yaml file: schema.yaml loaded successfully]
[2025-07-13 21:09:39,726: INFO: common: created directory at: artifacts]
[2025-07-13 21:09:39,726: INFO: common: created directory at: artifacts/data_validation]
[2025-07-13 21:09:39,776: INFO: main: >>>>>> stage Data Validation stage completed <<<<<<

x==========x]
[2025-07-13 21:09:39,777: INFO: main: >>>>>> stage Data Transformation stage started <<<<<<]
[2025-07-13 21:09:39,781: INFO: common: yaml file: config\config.yaml loaded successfully]
[2025-07-13 21:09:39,782: INFO: common: yaml file: params.yaml loaded successfully]
[2025-07-13 21:09:39,783: INFO: common: yaml file: schema.yaml loaded successfully]
[2025-07-13 21:09:39,784: INFO: common: created directory at: artifacts]
[2025-07-13 21:09:39,784: INFO: common: created directory at: artifacts/data_transformation]
[2025-07-13 21:09:39,810: INFO: data_transformation: Splited data into training and test sets]
[2025-07-13 21:09:39,811: INFO: data_transformation: (1199, 12)]
[2025-07-13 21:09:39,811: INFO: data_transformation: (400, 12)]
[2025-07-13 21:09:39,812: INFO: main: >>>>>> stage Data Transformation stage completed <<<<<<

x==========x]
[2025-07-13 21:09:39,812: INFO: main: >>>>>> stage Model Trainer stage started <<<<<<]
[2025-07-13 21:09:39,814: INFO: common: yaml file: config\config.yaml loaded successfully]
[2025-07-13 21:09:39,815: INFO: common: yaml file: params.yaml loaded successfully]
[2025-07-13 21:09:39,817: INFO: common: yaml file: schema.yaml loaded successfully]
[2025-07-13 21:09:39,818: INFO: common: created directory at: artifacts]
[2025-07-13 21:09:39,820: INFO: common: created directory at: artifacts/model_trainer]
[2025-07-13 21:09:39,905: INFO: main: >>>>>> stage Model Trainer stage completed <<<<<<

x==========x]
[2025-07-14 00:08:08,653: INFO: common: yaml file: config\config.yaml loaded successfully]
[2025-07-14 00:08:08,671: INFO: common: yaml file: params.yaml loaded successfully]
[2025-07-14 00:08:08,691: INFO: common: yaml file: schema.yaml loaded successfully]
[2025-07-14 00:08:08,691: INFO: common: created directory at: artifacts]
[2025-07-14 00:08:08,694: INFO: common: created directory at: artifacts/model_evaluation]
[2025-07-14 00:08:11,982: INFO: common: json file saved at: artifacts\model_evaluation\metrics.json]
[2025-07-14 00:48:36,541: INFO: common: yaml file: config\config.yaml loaded successfully]
[2025-07-14 00:48:36,546: INFO: common: yaml file: params.yaml loaded successfully]
[2025-07-14 00:48:36,554: INFO: common: yaml file: schema.yaml loaded successfully]
[2025-07-14 00:48:36,558: INFO: common: created directory at: artifacts]
[2025-07-14 00:48:36,561: INFO: common: created directory at: artifacts/model_evaluation]
[2025-07-14 00:48:36,668: INFO: common: json file saved at: artifacts\model_evaluation\metrics.json]
[2025-07-14 00:54:31,850: INFO: common: yaml file: config\config.yaml loaded successfully]
[2025-07-14 00:54:31,855: INFO: common: yaml file: params.yaml loaded successfully]
[2025-07-14 00:54:31,858: INFO: common: yaml file: schema.yaml loaded successfully]
[2025-07-14 00:54:31,861: INFO: common: created directory at: artifacts]
[2025-07-14 00:54:31,861: INFO: common: created directory at: artifacts/model_evaluation]
[2025-07-14 00:54:32,042: INFO: common: json file saved at: artifacts\model_evaluation\metrics.json]
[2025-07-14 01:05:28,243: INFO: common: yaml file: config\config.yaml loaded successfully]
[2025-07-14 01:05:28,243: INFO: common: yaml file: params.yaml loaded successfully]
[2025-07-14 01:05:28,252: INFO: common: yaml file: schema.yaml loaded successfully]
[2025-07-14 01:05:28,253: INFO: common: created directory at: artifacts]
[2025-07-14 01:05:28,257: INFO: common: created directory at: artifacts/model_evaluation]
[2025-07-14 01:05:28,351: INFO: common: json file saved at: artifacts\model_evaluation\metrics.json]
[2025-07-14 01:05:53,026: INFO: common: yaml file: config\config.yaml loaded successfully]
[2025-07-14 01:05:53,031: INFO: common: yaml file: params.yaml loaded successfully]
[2025-07-14 01:05:53,039: INFO: common: yaml file: schema.yaml loaded successfully]
[2025-07-14 01:05:53,041: INFO: common: created directory at: artifacts]
[2025-07-14 01:05:53,045: INFO: common: created directory at: artifacts/model_evaluation]
[2025-07-14 01:05:53,171: INFO: common: json file saved at: artifacts\model_evaluation\metrics.json]
[2025-07-14 01:11:19,449: INFO: utils: NumExpr defaulting to 12 threads.]
[2025-07-14 01:11:29,871: INFO: main: Welcome to our custom logging Data Science]
[2025-07-14 01:11:29,872: INFO: main: >>>>>> stage Data Ingestion Stage started <<<<<<]
[2025-07-14 01:11:29,875: INFO: common: yaml file: config\config.yaml loaded successfully]
[2025-07-14 01:11:29,877: INFO: common: yaml file: params.yaml loaded successfully]
[2025-07-14 01:11:29,879: INFO: common: yaml file: schema.yaml loaded successfully]
[2025-07-14 01:11:29,879: INFO: common: created directory at: artifacts]
[2025-07-14 01:11:29,880: INFO: common: created directory at: artifacts/data_ingestion]
[2025-07-14 01:11:29,880: INFO: data_ingestion: File already exists]
[2025-07-14 01:11:29,924: INFO: main: >>>>>> stage Data Ingestion Stage completed <<<<<<

x==========x]
[2025-07-14 01:11:29,925: INFO: main: >>>>>> stage Data Validation stage started <<<<<<]
[2025-07-14 01:11:29,929: INFO: common: yaml file: config\config.yaml loaded successfully]
[2025-07-14 01:11:29,931: INFO: common: yaml file: params.yaml loaded successfully]
[2025-07-14 01:11:29,935: INFO: common: yaml file: schema.yaml loaded successfully]
[2025-07-14 01:11:29,938: INFO: common: created directory at: artifacts]
[2025-07-14 01:11:29,941: INFO: common: created directory at: artifacts/data_validation]
[2025-07-14 01:11:29,987: INFO: main: >>>>>> stage Data Validation stage completed <<<<<<

x==========x]
[2025-07-14 01:11:29,988: INFO: main: >>>>>> stage Data Transformation stage started <<<<<<]
[2025-07-14 01:11:30,016: INFO: common: yaml file: config\config.yaml loaded successfully]
[2025-07-14 01:11:30,017: INFO: common: yaml file: params.yaml loaded successfully]
[2025-07-14 01:11:30,021: INFO: common: yaml file: schema.yaml loaded successfully]
[2025-07-14 01:11:30,023: INFO: common: created directory at: artifacts]
[2025-07-14 01:11:30,024: INFO: common: created directory at: artifacts/data_transformation]
[2025-07-14 01:11:30,060: INFO: data_transformation: Splited data into training and test sets]
[2025-07-14 01:11:30,060: INFO: data_transformation: (1199, 12)]
[2025-07-14 01:11:30,061: INFO: data_transformation: (400, 12)]
[2025-07-14 01:11:30,061: INFO: main: >>>>>> stage Data Transformation stage completed <<<<<<

x==========x]
[2025-07-14 01:11:30,063: INFO: main: >>>>>> stage Model Trainer stage started <<<<<<]
[2025-07-14 01:11:30,067: INFO: common: yaml file: config\config.yaml loaded successfully]
[2025-07-14 01:11:30,069: INFO: common: yaml file: params.yaml loaded successfully]
[2025-07-14 01:11:30,073: INFO: common: yaml file: schema.yaml loaded successfully]
[2025-07-14 01:11:30,074: INFO: common: created directory at: artifacts]
[2025-07-14 01:11:30,075: INFO: common: created directory at: artifacts/model_trainer]
[2025-07-14 01:11:30,172: INFO: main: >>>>>> stage Model Trainer stage completed <<<<<<

x==========x]
[2025-07-14 01:11:30,173: INFO: main: >>>>>> stage Model evaluation stage started <<<<<<]
[2025-07-14 01:11:30,178: INFO: common: yaml file: config\config.yaml loaded successfully]
[2025-07-14 01:11:30,180: INFO: common: yaml file: params.yaml loaded successfully]
[2025-07-14 01:11:30,185: INFO: common: yaml file: schema.yaml loaded successfully]
[2025-07-14 01:11:30,189: INFO: common: created directory at: artifacts]
[2025-07-14 01:11:30,191: INFO: common: created directory at: artifacts/model_evaluation]
[2025-07-14 01:11:30,192: ERROR: main: ModelEvaluationConfig.__init__() got an unexpected keyword argument 'mlflow_uri']
Traceback (most recent call last):
  File "D:\END-TO-END PROJECTS\DataScience_Project1\DataScience_Project1\main.py", line 54, in <module>
    data_ingestion.initiate_model_evaluation()
    ~~~~~~~~~~~~~~~~~~~~~~~~~~~~~~~~~~~~~~~~^^
  File "D:\END-TO-END PROJECTS\DataScience_Project1\DataScience_Project1\src\Data_science_project\pipeline\model_evaluation_pipeline.py", line 13, in initiate_model_evaluation
    model_evaluation_config = config.get_model_evaluation_config()
  File "D:\END-TO-END PROJECTS\DataScience_Project1\DataScience_Project1\src\Data_science_project\config\configuration.py", line 83, in get_model_evaluation_config
    model_evaluation_config=ModelEvaluationConfig(
        root_dir=config.root_dir,
    ...<5 lines>...
        mlflow_uri="https://dagshub.com/rhitwik.2005/DataScience_Project1.mlflow"
    )
TypeError: ModelEvaluationConfig.__init__() got an unexpected keyword argument 'mlflow_uri'
[2025-07-14 01:27:17,520: INFO: utils: NumExpr defaulting to 12 threads.]
[2025-07-14 01:27:20,953: INFO: main: Welcome to our custom logging Data Science]
[2025-07-14 01:27:20,953: INFO: main: >>>>>> stage Data Ingestion Stage started <<<<<<]
[2025-07-14 01:27:20,979: INFO: common: yaml file: config\config.yaml loaded successfully]
[2025-07-14 01:27:20,981: INFO: common: yaml file: params.yaml loaded successfully]
[2025-07-14 01:27:20,984: INFO: common: yaml file: schema.yaml loaded successfully]
[2025-07-14 01:27:20,985: INFO: common: created directory at: artifacts]
[2025-07-14 01:27:20,990: INFO: common: created directory at: artifacts/data_ingestion]
[2025-07-14 01:27:20,991: INFO: data_ingestion: File already exists]
[2025-07-14 01:27:21,000: INFO: main: >>>>>> stage Data Ingestion Stage completed <<<<<<

x==========x]
[2025-07-14 01:27:21,002: INFO: main: >>>>>> stage Data Validation stage started <<<<<<]
[2025-07-14 01:27:21,007: INFO: common: yaml file: config\config.yaml loaded successfully]
[2025-07-14 01:27:21,011: INFO: common: yaml file: params.yaml loaded successfully]
[2025-07-14 01:27:21,017: INFO: common: yaml file: schema.yaml loaded successfully]
[2025-07-14 01:27:21,018: INFO: common: created directory at: artifacts]
[2025-07-14 01:27:21,019: INFO: common: created directory at: artifacts/data_validation]
[2025-07-14 01:27:21,053: INFO: main: >>>>>> stage Data Validation stage completed <<<<<<

x==========x]
[2025-07-14 01:27:21,053: INFO: main: >>>>>> stage Data Transformation stage started <<<<<<]
[2025-07-14 01:27:21,059: INFO: common: yaml file: config\config.yaml loaded successfully]
[2025-07-14 01:27:21,061: INFO: common: yaml file: params.yaml loaded successfully]
[2025-07-14 01:27:21,064: INFO: common: yaml file: schema.yaml loaded successfully]
[2025-07-14 01:27:21,065: INFO: common: created directory at: artifacts]
[2025-07-14 01:27:21,066: INFO: common: created directory at: artifacts/data_transformation]
[2025-07-14 01:27:21,098: INFO: data_transformation: Splited data into training and test sets]
[2025-07-14 01:27:21,099: INFO: data_transformation: (1199, 12)]
[2025-07-14 01:27:21,099: INFO: data_transformation: (400, 12)]
[2025-07-14 01:27:21,100: INFO: main: >>>>>> stage Data Transformation stage completed <<<<<<

x==========x]
[2025-07-14 01:27:21,101: INFO: main: >>>>>> stage Model Trainer stage started <<<<<<]
[2025-07-14 01:27:21,105: INFO: common: yaml file: config\config.yaml loaded successfully]
[2025-07-14 01:27:21,109: INFO: common: yaml file: params.yaml loaded successfully]
[2025-07-14 01:27:21,113: INFO: common: yaml file: schema.yaml loaded successfully]
[2025-07-14 01:27:21,114: INFO: common: created directory at: artifacts]
[2025-07-14 01:27:21,115: INFO: common: created directory at: artifacts/model_trainer]
[2025-07-14 01:27:21,184: INFO: main: >>>>>> stage Model Trainer stage completed <<<<<<

x==========x]
[2025-07-14 01:27:21,184: INFO: main: >>>>>> stage Model evaluation stage started <<<<<<]
[2025-07-14 01:27:21,188: INFO: common: yaml file: config\config.yaml loaded successfully]
[2025-07-14 01:27:21,190: INFO: common: yaml file: params.yaml loaded successfully]
[2025-07-14 01:27:21,194: INFO: common: yaml file: schema.yaml loaded successfully]
[2025-07-14 01:27:21,198: INFO: common: created directory at: artifacts]
[2025-07-14 01:27:21,199: INFO: common: created directory at: artifacts/model_evaluation]
[2025-07-14 01:27:21,200: ERROR: main: ModelEvaluationConfig.__init__() got an unexpected keyword argument 'mlflow_uri']
Traceback (most recent call last):
  File "D:\END-TO-END PROJECTS\DataScience_Project1\DataScience_Project1\main.py", line 54, in <module>
    data_ingestion.initiate_model_evaluation()
    ~~~~~~~~~~~~~~~~~~~~~~~~~~~~~~~~~~~~~~~~^^
  File "D:\END-TO-END PROJECTS\DataScience_Project1\DataScience_Project1\src\Data_science_project\pipeline\model_evaluation_pipeline.py", line 13, in initiate_model_evaluation
    model_evaluation_config = config.get_model_evaluation_config()
  File "D:\END-TO-END PROJECTS\DataScience_Project1\DataScience_Project1\src\Data_science_project\config\configuration.py", line 83, in get_model_evaluation_config
    model_evaluation_config=ModelEvaluationConfig(
        root_dir=config.root_dir,
    ...<5 lines>...
        mlflow_uri="https://dagshub.com/rhitwik.2005/DataScience_Project1.mlflow"
    )
TypeError: ModelEvaluationConfig.__init__() got an unexpected keyword argument 'mlflow_uri'
[2025-07-14 01:30:13,120: INFO: utils: NumExpr defaulting to 12 threads.]
[2025-07-14 01:30:16,304: INFO: main: Welcome to our custom logging Data Science]
[2025-07-14 01:30:16,304: INFO: main: >>>>>> stage Data Ingestion Stage started <<<<<<]
[2025-07-14 01:30:16,308: INFO: common: yaml file: config\config.yaml loaded successfully]
[2025-07-14 01:30:16,309: INFO: common: yaml file: params.yaml loaded successfully]
[2025-07-14 01:30:16,311: INFO: common: yaml file: schema.yaml loaded successfully]
[2025-07-14 01:30:16,312: INFO: common: created directory at: artifacts]
[2025-07-14 01:30:16,321: INFO: common: created directory at: artifacts/data_ingestion]
[2025-07-14 01:30:16,330: INFO: data_ingestion: File already exists]
[2025-07-14 01:30:16,335: INFO: main: >>>>>> stage Data Ingestion Stage completed <<<<<<

x==========x]
[2025-07-14 01:30:16,336: INFO: main: >>>>>> stage Data Validation stage started <<<<<<]
[2025-07-14 01:30:16,341: INFO: common: yaml file: config\config.yaml loaded successfully]
[2025-07-14 01:30:16,343: INFO: common: yaml file: params.yaml loaded successfully]
[2025-07-14 01:30:16,345: INFO: common: yaml file: schema.yaml loaded successfully]
[2025-07-14 01:30:16,346: INFO: common: created directory at: artifacts]
[2025-07-14 01:30:16,347: INFO: common: created directory at: artifacts/data_validation]
[2025-07-14 01:30:16,385: INFO: main: >>>>>> stage Data Validation stage completed <<<<<<

x==========x]
[2025-07-14 01:30:16,386: INFO: main: >>>>>> stage Data Transformation stage started <<<<<<]
[2025-07-14 01:30:16,392: INFO: common: yaml file: config\config.yaml loaded successfully]
[2025-07-14 01:30:16,394: INFO: common: yaml file: params.yaml loaded successfully]
[2025-07-14 01:30:16,400: INFO: common: yaml file: schema.yaml loaded successfully]
[2025-07-14 01:30:16,402: INFO: common: created directory at: artifacts]
[2025-07-14 01:30:16,403: INFO: common: created directory at: artifacts/data_transformation]
[2025-07-14 01:30:16,430: INFO: data_transformation: Splited data into training and test sets]
[2025-07-14 01:30:16,430: INFO: data_transformation: (1199, 12)]
[2025-07-14 01:30:16,431: INFO: data_transformation: (400, 12)]
[2025-07-14 01:30:16,432: INFO: main: >>>>>> stage Data Transformation stage completed <<<<<<

x==========x]
[2025-07-14 01:30:16,432: INFO: main: >>>>>> stage Model Trainer stage started <<<<<<]
[2025-07-14 01:30:16,435: INFO: common: yaml file: config\config.yaml loaded successfully]
[2025-07-14 01:30:16,437: INFO: common: yaml file: params.yaml loaded successfully]
[2025-07-14 01:30:16,440: INFO: common: yaml file: schema.yaml loaded successfully]
[2025-07-14 01:30:16,441: INFO: common: created directory at: artifacts]
[2025-07-14 01:30:16,441: INFO: common: created directory at: artifacts/model_trainer]
[2025-07-14 01:30:16,517: INFO: main: >>>>>> stage Model Trainer stage completed <<<<<<

x==========x]
[2025-07-14 01:30:16,517: INFO: main: >>>>>> stage Model evaluation stage started <<<<<<]
[2025-07-14 01:30:16,521: INFO: common: yaml file: config\config.yaml loaded successfully]
[2025-07-14 01:30:16,524: INFO: common: yaml file: params.yaml loaded successfully]
[2025-07-14 01:30:16,528: INFO: common: yaml file: schema.yaml loaded successfully]
[2025-07-14 01:30:16,531: INFO: common: created directory at: artifacts]
[2025-07-14 01:30:16,532: INFO: common: created directory at: artifacts/model_evaluation]
[2025-07-14 01:30:16,532: ERROR: main: ModelEvaluationConfig.__init__() missing 1 required positional argument: 'experiment_name']
Traceback (most recent call last):
  File "D:\END-TO-END PROJECTS\DataScience_Project1\DataScience_Project1\main.py", line 54, in <module>
    data_ingestion.initiate_model_evaluation()
    ~~~~~~~~~~~~~~~~~~~~~~~~~~~~~~~~~~~~~~~~^^
  File "D:\END-TO-END PROJECTS\DataScience_Project1\DataScience_Project1\src\Data_science_project\pipeline\model_evaluation_pipeline.py", line 13, in initiate_model_evaluation
    model_evaluation_config = config.get_model_evaluation_config()
  File "D:\END-TO-END PROJECTS\DataScience_Project1\DataScience_Project1\src\Data_science_project\config\configuration.py", line 83, in get_model_evaluation_config
    model_evaluation_config=ModelEvaluationConfig(
        root_dir=config.root_dir,
    ...<5 lines>...
        mlflow_uri="https://dagshub.com/rhitwik.2005/DataScience_Project1.mlflow"
    )
TypeError: ModelEvaluationConfig.__init__() missing 1 required positional argument: 'experiment_name'
[2025-07-14 01:36:58,681: INFO: utils: NumExpr defaulting to 12 threads.]
[2025-07-14 01:37:01,790: INFO: main: Welcome to our custom logging Data Science]
[2025-07-14 01:37:01,791: INFO: main: >>>>>> stage Data Ingestion Stage started <<<<<<]
[2025-07-14 01:37:01,794: INFO: common: yaml file: config\config.yaml loaded successfully]
[2025-07-14 01:37:01,795: INFO: common: yaml file: params.yaml loaded successfully]
[2025-07-14 01:37:01,800: INFO: common: yaml file: schema.yaml loaded successfully]
[2025-07-14 01:37:01,801: INFO: common: created directory at: artifacts]
[2025-07-14 01:37:01,802: INFO: common: created directory at: artifacts/data_ingestion]
[2025-07-14 01:37:01,803: INFO: data_ingestion: File already exists]
[2025-07-14 01:37:01,827: INFO: main: >>>>>> stage Data Ingestion Stage completed <<<<<<

x==========x]
[2025-07-14 01:37:01,828: INFO: main: >>>>>> stage Data Validation stage started <<<<<<]
[2025-07-14 01:37:01,836: INFO: common: yaml file: config\config.yaml loaded successfully]
[2025-07-14 01:37:01,881: INFO: common: yaml file: params.yaml loaded successfully]
[2025-07-14 01:37:01,915: INFO: common: yaml file: schema.yaml loaded successfully]
[2025-07-14 01:37:01,934: INFO: common: created directory at: artifacts]
[2025-07-14 01:37:01,935: INFO: common: created directory at: artifacts/data_validation]
[2025-07-14 01:37:01,993: INFO: main: >>>>>> stage Data Validation stage completed <<<<<<

x==========x]
[2025-07-14 01:37:01,994: INFO: main: >>>>>> stage Data Transformation stage started <<<<<<]
[2025-07-14 01:37:01,998: INFO: common: yaml file: config\config.yaml loaded successfully]
[2025-07-14 01:37:02,000: INFO: common: yaml file: params.yaml loaded successfully]
[2025-07-14 01:37:02,002: INFO: common: yaml file: schema.yaml loaded successfully]
[2025-07-14 01:37:02,003: INFO: common: created directory at: artifacts]
[2025-07-14 01:37:02,004: INFO: common: created directory at: artifacts/data_transformation]
[2025-07-14 01:37:02,033: INFO: data_transformation: Splited data into training and test sets]
[2025-07-14 01:37:02,033: INFO: data_transformation: (1199, 12)]
[2025-07-14 01:37:02,033: INFO: data_transformation: (400, 12)]
[2025-07-14 01:37:02,034: INFO: main: >>>>>> stage Data Transformation stage completed <<<<<<

x==========x]
[2025-07-14 01:37:02,034: INFO: main: >>>>>> stage Model Trainer stage started <<<<<<]
[2025-07-14 01:37:02,041: INFO: common: yaml file: config\config.yaml loaded successfully]
[2025-07-14 01:37:02,043: INFO: common: yaml file: params.yaml loaded successfully]
[2025-07-14 01:37:02,047: INFO: common: yaml file: schema.yaml loaded successfully]
[2025-07-14 01:37:02,048: INFO: common: created directory at: artifacts]
[2025-07-14 01:37:02,049: INFO: common: created directory at: artifacts/model_trainer]
[2025-07-14 01:37:02,111: INFO: main: >>>>>> stage Model Trainer stage completed <<<<<<

x==========x]
[2025-07-14 01:37:02,111: INFO: main: >>>>>> stage Model evaluation stage started <<<<<<]
[2025-07-14 01:37:02,114: INFO: common: yaml file: config\config.yaml loaded successfully]
[2025-07-14 01:37:02,116: INFO: common: yaml file: params.yaml loaded successfully]
[2025-07-14 01:37:02,118: INFO: common: yaml file: schema.yaml loaded successfully]
[2025-07-14 01:37:02,119: INFO: common: created directory at: artifacts]
[2025-07-14 01:37:02,120: INFO: common: created directory at: artifacts/model_evaluation]
[2025-07-14 01:37:02,120: ERROR: main: ModelEvaluationConfig.__init__() missing 1 required positional argument: 'experiment_name']
Traceback (most recent call last):
  File "D:\END-TO-END PROJECTS\DataScience_Project1\DataScience_Project1\main.py", line 54, in <module>
    data_ingestion.initiate_model_evaluation()
    ~~~~~~~~~~~~~~~~~~~~~~~~~~~~~~~~~~~~~~~~^^
  File "D:\END-TO-END PROJECTS\DataScience_Project1\DataScience_Project1\src\Data_science_project\pipeline\model_evaluation_pipeline.py", line 13, in initiate_model_evaluation
    model_evaluation_config = config.get_model_evaluation_config()
  File "D:\END-TO-END PROJECTS\DataScience_Project1\DataScience_Project1\src\Data_science_project\config\configuration.py", line 83, in get_model_evaluation_config
    model_evaluation_config=ModelEvaluationConfig(
        root_dir=config.root_dir,
    ...<5 lines>...
        mlflow_uri="https://dagshub.com/rhitwik.2005/DataScience_Project1.mlflow"
    )
TypeError: ModelEvaluationConfig.__init__() missing 1 required positional argument: 'experiment_name'
[2025-07-14 01:39:38,179: INFO: common: yaml file: config\config.yaml loaded successfully]
[2025-07-14 01:39:38,183: INFO: common: yaml file: params.yaml loaded successfully]
[2025-07-14 01:39:38,186: INFO: common: yaml file: schema.yaml loaded successfully]
[2025-07-14 01:39:38,188: INFO: common: created directory at: artifacts]
[2025-07-14 01:39:38,188: INFO: common: created directory at: artifacts/model_evaluation]
[2025-07-14 01:39:38,312: INFO: common: json file saved at: artifacts\model_evaluation\metrics.json]
[2025-07-14 01:42:29,689: INFO: utils: NumExpr defaulting to 12 threads.]
[2025-07-14 01:42:33,202: INFO: main: Welcome to our custom logging Data Science]
[2025-07-14 01:42:33,203: INFO: main: >>>>>> stage Data Ingestion Stage started <<<<<<]
[2025-07-14 01:42:33,206: INFO: common: yaml file: config\config.yaml loaded successfully]
[2025-07-14 01:42:33,207: INFO: common: yaml file: params.yaml loaded successfully]
[2025-07-14 01:42:33,209: INFO: common: yaml file: schema.yaml loaded successfully]
[2025-07-14 01:42:33,209: INFO: common: created directory at: artifacts]
[2025-07-14 01:42:33,210: INFO: common: created directory at: artifacts/data_ingestion]
[2025-07-14 01:42:33,211: INFO: data_ingestion: File already exists]
[2025-07-14 01:42:33,214: INFO: main: >>>>>> stage Data Ingestion Stage completed <<<<<<

x==========x]
[2025-07-14 01:42:33,214: INFO: main: >>>>>> stage Data Validation stage started <<<<<<]
[2025-07-14 01:42:33,217: INFO: common: yaml file: config\config.yaml loaded successfully]
[2025-07-14 01:42:33,220: INFO: common: yaml file: params.yaml loaded successfully]
[2025-07-14 01:42:33,224: INFO: common: yaml file: schema.yaml loaded successfully]
[2025-07-14 01:42:33,226: INFO: common: created directory at: artifacts]
[2025-07-14 01:42:33,226: INFO: common: created directory at: artifacts/data_validation]
[2025-07-14 01:42:33,269: INFO: main: >>>>>> stage Data Validation stage completed <<<<<<

x==========x]
[2025-07-14 01:42:33,270: INFO: main: >>>>>> stage Data Transformation stage started <<<<<<]
[2025-07-14 01:42:33,275: INFO: common: yaml file: config\config.yaml loaded successfully]
[2025-07-14 01:42:33,277: INFO: common: yaml file: params.yaml loaded successfully]
[2025-07-14 01:42:33,279: INFO: common: yaml file: schema.yaml loaded successfully]
[2025-07-14 01:42:33,280: INFO: common: created directory at: artifacts]
[2025-07-14 01:42:33,281: INFO: common: created directory at: artifacts/data_transformation]
[2025-07-14 01:42:33,313: INFO: data_transformation: Splited data into training and test sets]
[2025-07-14 01:42:33,313: INFO: data_transformation: (1199, 12)]
[2025-07-14 01:42:33,313: INFO: data_transformation: (400, 12)]
[2025-07-14 01:42:33,314: INFO: main: >>>>>> stage Data Transformation stage completed <<<<<<

x==========x]
[2025-07-14 01:42:33,314: INFO: main: >>>>>> stage Model Trainer stage started <<<<<<]
[2025-07-14 01:42:33,317: INFO: common: yaml file: config\config.yaml loaded successfully]
[2025-07-14 01:42:33,319: INFO: common: yaml file: params.yaml loaded successfully]
[2025-07-14 01:42:33,321: INFO: common: yaml file: schema.yaml loaded successfully]
[2025-07-14 01:42:33,322: INFO: common: created directory at: artifacts]
[2025-07-14 01:42:33,323: INFO: common: created directory at: artifacts/model_trainer]
[2025-07-14 01:42:33,390: INFO: main: >>>>>> stage Model Trainer stage completed <<<<<<

x==========x]
[2025-07-14 01:42:33,391: INFO: main: >>>>>> stage Model evaluation stage started <<<<<<]
[2025-07-14 01:42:33,394: INFO: common: yaml file: config\config.yaml loaded successfully]
[2025-07-14 01:42:33,396: INFO: common: yaml file: params.yaml loaded successfully]
[2025-07-14 01:42:33,400: INFO: common: yaml file: schema.yaml loaded successfully]
[2025-07-14 01:42:33,401: INFO: common: created directory at: artifacts]
[2025-07-14 01:42:33,402: INFO: common: created directory at: artifacts/model_evaluation]
[2025-07-14 01:42:35,238: ERROR: main: name 'save_json' is not defined]
Traceback (most recent call last):
  File "D:\END-TO-END PROJECTS\DataScience_Project1\DataScience_Project1\main.py", line 54, in <module>
    data_ingestion.initiate_model_evaluation()
    ~~~~~~~~~~~~~~~~~~~~~~~~~~~~~~~~~~~~~~~~^^
  File "D:\END-TO-END PROJECTS\DataScience_Project1\DataScience_Project1\src\Data_science_project\pipeline\model_evaluation_pipeline.py", line 15, in initiate_model_evaluation
    model_evaluation.log_into_mlflow()
    ~~~~~~~~~~~~~~~~~~~~~~~~~~~~~~~~^^
  File "D:\END-TO-END PROJECTS\DataScience_Project1\DataScience_Project1\src\Data_science_project\components\model_evaluation.py", line 41, in log_into_mlflow
    save_json(path=Path(self.config.metric_file_name), data=scores)
    ^^^^^^^^^
NameError: name 'save_json' is not defined
[2025-07-14 01:48:44,028: INFO: utils: NumExpr defaulting to 12 threads.]
[2025-07-14 01:48:47,043: INFO: main: Welcome to our custom logging Data Science]
[2025-07-14 01:48:47,044: INFO: main: >>>>>> stage Data Ingestion Stage started <<<<<<]
[2025-07-14 01:48:47,047: INFO: common: yaml file: config\config.yaml loaded successfully]
[2025-07-14 01:48:47,048: INFO: common: yaml file: params.yaml loaded successfully]
[2025-07-14 01:48:47,050: INFO: common: yaml file: schema.yaml loaded successfully]
[2025-07-14 01:48:47,050: INFO: common: created directory at: artifacts]
[2025-07-14 01:48:47,051: INFO: common: created directory at: artifacts/data_ingestion]
[2025-07-14 01:48:47,051: INFO: data_ingestion: File already exists]
[2025-07-14 01:48:47,054: INFO: main: >>>>>> stage Data Ingestion Stage completed <<<<<<

x==========x]
[2025-07-14 01:48:47,055: INFO: main: >>>>>> stage Data Validation stage started <<<<<<]
[2025-07-14 01:48:47,057: INFO: common: yaml file: config\config.yaml loaded successfully]
[2025-07-14 01:48:47,059: INFO: common: yaml file: params.yaml loaded successfully]
[2025-07-14 01:48:47,070: INFO: common: yaml file: schema.yaml loaded successfully]
[2025-07-14 01:48:47,071: INFO: common: created directory at: artifacts]
[2025-07-14 01:48:47,074: INFO: common: created directory at: artifacts/data_validation]
[2025-07-14 01:48:47,153: INFO: main: >>>>>> stage Data Validation stage completed <<<<<<

x==========x]
[2025-07-14 01:48:47,153: INFO: main: >>>>>> stage Data Transformation stage started <<<<<<]
[2025-07-14 01:48:47,159: INFO: common: yaml file: config\config.yaml loaded successfully]
[2025-07-14 01:48:47,160: INFO: common: yaml file: params.yaml loaded successfully]
[2025-07-14 01:48:47,163: INFO: common: yaml file: schema.yaml loaded successfully]
[2025-07-14 01:48:47,164: INFO: common: created directory at: artifacts]
[2025-07-14 01:48:47,164: INFO: common: created directory at: artifacts/data_transformation]
[2025-07-14 01:48:47,196: INFO: data_transformation: Splited data into training and test sets]
[2025-07-14 01:48:47,196: INFO: data_transformation: (1199, 12)]
[2025-07-14 01:48:47,196: INFO: data_transformation: (400, 12)]
[2025-07-14 01:48:47,198: INFO: main: >>>>>> stage Data Transformation stage completed <<<<<<

x==========x]
[2025-07-14 01:48:47,199: INFO: main: >>>>>> stage Model Trainer stage started <<<<<<]
[2025-07-14 01:48:47,202: INFO: common: yaml file: config\config.yaml loaded successfully]
[2025-07-14 01:48:47,204: INFO: common: yaml file: params.yaml loaded successfully]
[2025-07-14 01:48:47,207: INFO: common: yaml file: schema.yaml loaded successfully]
[2025-07-14 01:48:47,207: INFO: common: created directory at: artifacts]
[2025-07-14 01:48:47,208: INFO: common: created directory at: artifacts/model_trainer]
[2025-07-14 01:48:47,292: INFO: main: >>>>>> stage Model Trainer stage completed <<<<<<

x==========x]
[2025-07-14 01:48:47,292: INFO: main: >>>>>> stage Model evaluation stage started <<<<<<]
[2025-07-14 01:48:47,296: INFO: common: yaml file: config\config.yaml loaded successfully]
[2025-07-14 01:48:47,299: INFO: common: yaml file: params.yaml loaded successfully]
[2025-07-14 01:48:47,305: INFO: common: yaml file: schema.yaml loaded successfully]
[2025-07-14 01:48:47,310: INFO: common: created directory at: artifacts]
[2025-07-14 01:48:47,312: INFO: common: created directory at: artifacts/model_evaluation]
[2025-07-14 01:48:48,265: ERROR: main: name 'save_json' is not defined]
Traceback (most recent call last):
  File "D:\END-TO-END PROJECTS\DataScience_Project1\DataScience_Project1\main.py", line 54, in <module>
    data_ingestion.initiate_model_evaluation()
    ~~~~~~~~~~~~~~~~~~~~~~~~~~~~~~~~~~~~~~~~^^
  File "D:\END-TO-END PROJECTS\DataScience_Project1\DataScience_Project1\src\Data_science_project\pipeline\model_evaluation_pipeline.py", line 15, in initiate_model_evaluation
    model_evaluation.log_into_mlflow()
    ~~~~~~~~~~~~~~~~~~~~~~~~~~~~~~~~^^
  File "D:\END-TO-END PROJECTS\DataScience_Project1\DataScience_Project1\src\Data_science_project\components\model_evaluation.py", line 41, in log_into_mlflow
    save_json(path=Path(self.config.metric_file_name), data=scores)
    ^^^^^^^^^
NameError: name 'save_json' is not defined
[2025-07-14 01:53:24,062: INFO: utils: NumExpr defaulting to 12 threads.]
[2025-07-14 01:53:27,463: INFO: main: Welcome to our custom logging Data Science]
[2025-07-14 01:53:27,464: INFO: main: >>>>>> stage Data Ingestion Stage started <<<<<<]
[2025-07-14 01:53:27,467: INFO: common: yaml file: config\config.yaml loaded successfully]
[2025-07-14 01:53:27,468: INFO: common: yaml file: params.yaml loaded successfully]
[2025-07-14 01:53:27,471: INFO: common: yaml file: schema.yaml loaded successfully]
[2025-07-14 01:53:27,472: INFO: common: created directory at: artifacts]
[2025-07-14 01:53:27,472: INFO: common: created directory at: artifacts/data_ingestion]
[2025-07-14 01:53:27,473: INFO: data_ingestion: File already exists]
[2025-07-14 01:53:27,477: INFO: main: >>>>>> stage Data Ingestion Stage completed <<<<<<

x==========x]
[2025-07-14 01:53:27,477: INFO: main: >>>>>> stage Data Validation stage started <<<<<<]
[2025-07-14 01:53:27,481: INFO: common: yaml file: config\config.yaml loaded successfully]
[2025-07-14 01:53:27,482: INFO: common: yaml file: params.yaml loaded successfully]
[2025-07-14 01:53:27,485: INFO: common: yaml file: schema.yaml loaded successfully]
[2025-07-14 01:53:27,487: INFO: common: created directory at: artifacts]
[2025-07-14 01:53:27,488: INFO: common: created directory at: artifacts/data_validation]
[2025-07-14 01:53:27,533: INFO: main: >>>>>> stage Data Validation stage completed <<<<<<

x==========x]
[2025-07-14 01:53:27,534: INFO: main: >>>>>> stage Data Transformation stage started <<<<<<]
[2025-07-14 01:53:27,541: INFO: common: yaml file: config\config.yaml loaded successfully]
[2025-07-14 01:53:27,543: INFO: common: yaml file: params.yaml loaded successfully]
[2025-07-14 01:53:27,547: INFO: common: yaml file: schema.yaml loaded successfully]
[2025-07-14 01:53:27,549: INFO: common: created directory at: artifacts]
[2025-07-14 01:53:27,549: INFO: common: created directory at: artifacts/data_transformation]
[2025-07-14 01:53:27,584: INFO: data_transformation: Splited data into training and test sets]
[2025-07-14 01:53:27,585: INFO: data_transformation: (1199, 12)]
[2025-07-14 01:53:27,586: INFO: data_transformation: (400, 12)]
[2025-07-14 01:53:27,586: INFO: main: >>>>>> stage Data Transformation stage completed <<<<<<

x==========x]
[2025-07-14 01:53:27,586: INFO: main: >>>>>> stage Model Trainer stage started <<<<<<]
[2025-07-14 01:53:27,590: INFO: common: yaml file: config\config.yaml loaded successfully]
[2025-07-14 01:53:27,592: INFO: common: yaml file: params.yaml loaded successfully]
[2025-07-14 01:53:27,594: INFO: common: yaml file: schema.yaml loaded successfully]
[2025-07-14 01:53:27,596: INFO: common: created directory at: artifacts]
[2025-07-14 01:53:27,596: INFO: common: created directory at: artifacts/model_trainer]
[2025-07-14 01:53:27,679: INFO: main: >>>>>> stage Model Trainer stage completed <<<<<<

x==========x]
[2025-07-14 01:53:27,680: INFO: main: >>>>>> stage Model evaluation stage started <<<<<<]
[2025-07-14 01:53:27,684: INFO: common: yaml file: config\config.yaml loaded successfully]
[2025-07-14 01:53:27,686: INFO: common: yaml file: params.yaml loaded successfully]
[2025-07-14 01:53:27,688: INFO: common: yaml file: schema.yaml loaded successfully]
[2025-07-14 01:53:27,690: INFO: common: created directory at: artifacts]
[2025-07-14 01:53:27,690: INFO: common: created directory at: artifacts/model_evaluation]
[2025-07-14 01:53:28,617: INFO: common: json file saved at: artifacts\model_evaluation\metrics.json]
[2025-07-14 01:53:49,396: INFO: main: >>>>>> stage Model evaluation stage completed <<<<<<

x==========x]
[2025-07-14 02:03:03,265: INFO: utils: NumExpr defaulting to 12 threads.]
[2025-07-14 02:03:06,447: INFO: main: Welcome to our custom logging Data Science]
[2025-07-14 02:03:06,447: INFO: main: >>>>>> stage Data Ingestion Stage started <<<<<<]
[2025-07-14 02:03:06,450: INFO: common: yaml file: config\config.yaml loaded successfully]
[2025-07-14 02:03:06,451: INFO: common: yaml file: params.yaml loaded successfully]
[2025-07-14 02:03:06,453: INFO: common: yaml file: schema.yaml loaded successfully]
[2025-07-14 02:03:06,453: INFO: common: created directory at: artifacts]
[2025-07-14 02:03:06,454: INFO: common: created directory at: artifacts/data_ingestion]
[2025-07-14 02:03:06,454: INFO: data_ingestion: File already exists]
[2025-07-14 02:03:06,457: INFO: main: >>>>>> stage Data Ingestion Stage completed <<<<<<

x==========x]
[2025-07-14 02:03:06,458: INFO: main: >>>>>> stage Data Validation stage started <<<<<<]
[2025-07-14 02:03:06,461: INFO: common: yaml file: config\config.yaml loaded successfully]
[2025-07-14 02:03:06,463: INFO: common: yaml file: params.yaml loaded successfully]
[2025-07-14 02:03:06,466: INFO: common: yaml file: schema.yaml loaded successfully]
[2025-07-14 02:03:06,468: INFO: common: created directory at: artifacts]
[2025-07-14 02:03:06,469: INFO: common: created directory at: artifacts/data_validation]
[2025-07-14 02:03:06,512: INFO: main: >>>>>> stage Data Validation stage completed <<<<<<

x==========x]
[2025-07-14 02:03:06,513: INFO: main: >>>>>> stage Data Transformation stage started <<<<<<]
[2025-07-14 02:03:06,518: INFO: common: yaml file: config\config.yaml loaded successfully]
[2025-07-14 02:03:06,520: INFO: common: yaml file: params.yaml loaded successfully]
[2025-07-14 02:03:06,523: INFO: common: yaml file: schema.yaml loaded successfully]
[2025-07-14 02:03:06,524: INFO: common: created directory at: artifacts]
[2025-07-14 02:03:06,525: INFO: common: created directory at: artifacts/data_transformation]
[2025-07-14 02:03:06,554: INFO: data_transformation: Splited data into training and test sets]
[2025-07-14 02:03:06,555: INFO: data_transformation: (1199, 12)]
[2025-07-14 02:03:06,555: INFO: data_transformation: (400, 12)]
[2025-07-14 02:03:06,556: INFO: main: >>>>>> stage Data Transformation stage completed <<<<<<

x==========x]
[2025-07-14 02:03:06,556: INFO: main: >>>>>> stage Model Trainer stage started <<<<<<]
[2025-07-14 02:03:06,560: INFO: common: yaml file: config\config.yaml loaded successfully]
[2025-07-14 02:03:06,564: INFO: common: yaml file: params.yaml loaded successfully]
[2025-07-14 02:03:06,567: INFO: common: yaml file: schema.yaml loaded successfully]
[2025-07-14 02:03:06,569: INFO: common: created directory at: artifacts]
[2025-07-14 02:03:06,569: INFO: common: created directory at: artifacts/model_trainer]
[2025-07-14 02:03:06,628: INFO: main: >>>>>> stage Model Trainer stage completed <<<<<<

x==========x]
[2025-07-14 02:03:06,629: INFO: main: >>>>>> stage Model evaluation stage started <<<<<<]
[2025-07-14 02:03:06,632: INFO: common: yaml file: config\config.yaml loaded successfully]
[2025-07-14 02:03:06,634: INFO: common: yaml file: params.yaml loaded successfully]
[2025-07-14 02:03:06,637: INFO: common: yaml file: schema.yaml loaded successfully]
[2025-07-14 02:03:06,639: INFO: common: created directory at: artifacts]
[2025-07-14 02:03:06,639: INFO: common: created directory at: artifacts/model_evaluation]
[2025-07-14 02:03:07,741: INFO: common: json file saved at: artifacts\model_evaluation\metrics.json]
[2025-07-14 02:03:16,629: INFO: main: >>>>>> stage Model evaluation stage completed <<<<<<

x==========x]
[2025-07-14 02:08:05,104: INFO: utils: NumExpr defaulting to 12 threads.]
[2025-07-14 02:08:09,788: INFO: main: Welcome to our custom logging Data Science]
[2025-07-14 02:08:09,788: INFO: main: >>>>>> stage Data Ingestion Stage started <<<<<<]
[2025-07-14 02:08:09,797: INFO: common: yaml file: config\config.yaml loaded successfully]
[2025-07-14 02:08:09,800: INFO: common: yaml file: params.yaml loaded successfully]
[2025-07-14 02:08:09,804: INFO: common: yaml file: schema.yaml loaded successfully]
[2025-07-14 02:08:09,805: INFO: common: created directory at: artifacts]
[2025-07-14 02:08:09,806: INFO: common: created directory at: artifacts/data_ingestion]
[2025-07-14 02:08:09,807: INFO: data_ingestion: File already exists]
[2025-07-14 02:08:09,812: INFO: main: >>>>>> stage Data Ingestion Stage completed <<<<<<

x==========x]
[2025-07-14 02:08:09,814: INFO: main: >>>>>> stage Data Validation stage started <<<<<<]
[2025-07-14 02:08:09,947: INFO: common: yaml file: config\config.yaml loaded successfully]
[2025-07-14 02:08:09,950: INFO: common: yaml file: params.yaml loaded successfully]
[2025-07-14 02:08:09,957: INFO: common: yaml file: schema.yaml loaded successfully]
[2025-07-14 02:08:09,975: INFO: common: created directory at: artifacts]
[2025-07-14 02:08:09,976: INFO: common: created directory at: artifacts/data_validation]
[2025-07-14 02:08:10,016: INFO: main: >>>>>> stage Data Validation stage completed <<<<<<

x==========x]
[2025-07-14 02:08:10,017: INFO: main: >>>>>> stage Data Transformation stage started <<<<<<]
[2025-07-14 02:08:10,027: INFO: common: yaml file: config\config.yaml loaded successfully]
[2025-07-14 02:08:10,029: INFO: common: yaml file: params.yaml loaded successfully]
[2025-07-14 02:08:10,034: INFO: common: yaml file: schema.yaml loaded successfully]
[2025-07-14 02:08:10,036: INFO: common: created directory at: artifacts]
[2025-07-14 02:08:10,039: INFO: common: created directory at: artifacts/data_transformation]
[2025-07-14 02:08:10,101: INFO: data_transformation: Splited data into training and test sets]
[2025-07-14 02:08:10,103: INFO: data_transformation: (1199, 12)]
[2025-07-14 02:08:10,107: INFO: data_transformation: (400, 12)]
[2025-07-14 02:08:10,109: INFO: main: >>>>>> stage Data Transformation stage completed <<<<<<

x==========x]
[2025-07-14 02:08:10,110: INFO: main: >>>>>> stage Model Trainer stage started <<<<<<]
[2025-07-14 02:08:10,115: INFO: common: yaml file: config\config.yaml loaded successfully]
[2025-07-14 02:08:10,117: INFO: common: yaml file: params.yaml loaded successfully]
[2025-07-14 02:08:10,122: INFO: common: yaml file: schema.yaml loaded successfully]
[2025-07-14 02:08:10,123: INFO: common: created directory at: artifacts]
[2025-07-14 02:08:10,124: INFO: common: created directory at: artifacts/model_trainer]
[2025-07-14 02:08:10,197: INFO: main: >>>>>> stage Model Trainer stage completed <<<<<<

x==========x]
[2025-07-14 02:08:10,198: INFO: main: >>>>>> stage Model evaluation stage started <<<<<<]
[2025-07-14 02:08:10,203: INFO: common: yaml file: config\config.yaml loaded successfully]
[2025-07-14 02:08:10,206: INFO: common: yaml file: params.yaml loaded successfully]
[2025-07-14 02:08:10,210: INFO: common: yaml file: schema.yaml loaded successfully]
[2025-07-14 02:08:10,212: INFO: common: created directory at: artifacts]
[2025-07-14 02:08:10,213: INFO: common: created directory at: artifacts/model_evaluation]
[2025-07-14 02:08:14,478: INFO: common: json file saved at: artifacts\model_evaluation\metrics.json]
[2025-07-14 02:08:40,376: INFO: main: >>>>>> stage Model evaluation stage completed <<<<<<

x==========x]
[2025-07-14 12:22:33,969: INFO: _internal: [31m[1mWARNING: This is a development server. Do not use it in a production deployment. Use a production WSGI server instead.[0m
 * Running on all addresses (0.0.0.0)
 * Running on http://127.0.0.1:8080
 * Running on http://192.168.154.110:8080]
[2025-07-14 12:22:33,971: INFO: _internal: [33mPress CTRL+C to quit[0m]
[2025-07-14 12:22:48,255: INFO: _internal: 127.0.0.1 - - [14/Jul/2025 12:22:48] "GET / HTTP/1.1" 200 -]
[2025-07-14 12:22:48,276: INFO: _internal: 127.0.0.1 - - [14/Jul/2025 12:22:48] "[33mGET /static/assets/img/form-v9.jpg HTTP/1.1[0m" 404 -]
[2025-07-14 12:22:48,327: INFO: _internal: 127.0.0.1 - - [14/Jul/2025 12:22:48] "[33mGET /favicon.ico HTTP/1.1[0m" 404 -]
[2025-07-14 12:31:52,415: INFO: _internal: [31m[1mWARNING: This is a development server. Do not use it in a production deployment. Use a production WSGI server instead.[0m
 * Running on all addresses (0.0.0.0)
 * Running on http://127.0.0.1:8080
 * Running on http://192.168.154.110:8080]
[2025-07-14 12:31:52,416: INFO: _internal: [33mPress CTRL+C to quit[0m]
[2025-07-14 12:32:11,489: INFO: _internal: 127.0.0.1 - - [14/Jul/2025 12:32:11] "GET / HTTP/1.1" 200 -]
[2025-07-14 12:41:38,447: INFO: utils: NumExpr defaulting to 12 threads.]
[2025-07-14 12:41:47,478: INFO: main: Welcome to our custom logging Data Science]
[2025-07-14 12:41:47,478: INFO: main: >>>>>> stage Data Ingestion Stage started <<<<<<]
[2025-07-14 12:41:47,494: INFO: common: yaml file: config\config.yaml loaded successfully]
[2025-07-14 12:41:47,509: INFO: common: yaml file: params.yaml loaded successfully]
[2025-07-14 12:41:47,525: INFO: common: yaml file: schema.yaml loaded successfully]
[2025-07-14 12:41:47,526: INFO: common: created directory at: artifacts]
[2025-07-14 12:41:47,527: INFO: common: created directory at: artifacts/data_ingestion]
[2025-07-14 12:41:47,528: INFO: data_ingestion: File already exists]
[2025-07-14 12:41:47,549: INFO: main: >>>>>> stage Data Ingestion Stage completed <<<<<<

x==========x]
[2025-07-14 12:41:47,549: INFO: main: >>>>>> stage Data Validation stage started <<<<<<]
[2025-07-14 12:41:47,552: INFO: common: yaml file: config\config.yaml loaded successfully]
[2025-07-14 12:41:47,553: INFO: common: yaml file: params.yaml loaded successfully]
[2025-07-14 12:41:47,555: INFO: common: yaml file: schema.yaml loaded successfully]
[2025-07-14 12:41:47,557: INFO: common: created directory at: artifacts]
[2025-07-14 12:41:47,557: INFO: common: created directory at: artifacts/data_validation]
[2025-07-14 12:41:47,589: INFO: main: >>>>>> stage Data Validation stage completed <<<<<<

x==========x]
[2025-07-14 12:41:47,589: INFO: main: >>>>>> stage Data Transformation stage started <<<<<<]
[2025-07-14 12:41:47,603: INFO: common: yaml file: config\config.yaml loaded successfully]
[2025-07-14 12:41:47,605: INFO: common: yaml file: params.yaml loaded successfully]
[2025-07-14 12:41:47,607: INFO: common: yaml file: schema.yaml loaded successfully]
[2025-07-14 12:41:47,607: INFO: common: created directory at: artifacts]
[2025-07-14 12:41:47,608: INFO: common: created directory at: artifacts/data_transformation]
[2025-07-14 12:41:47,638: INFO: data_transformation: Splited data into training and test sets]
[2025-07-14 12:41:47,639: INFO: data_transformation: (1199, 12)]
[2025-07-14 12:41:47,639: INFO: data_transformation: (400, 12)]
[2025-07-14 12:41:47,640: INFO: main: >>>>>> stage Data Transformation stage completed <<<<<<

x==========x]
[2025-07-14 12:41:47,640: INFO: main: >>>>>> stage Model Trainer stage started <<<<<<]
[2025-07-14 12:41:47,643: INFO: common: yaml file: config\config.yaml loaded successfully]
[2025-07-14 12:41:47,644: INFO: common: yaml file: params.yaml loaded successfully]
[2025-07-14 12:41:47,646: INFO: common: yaml file: schema.yaml loaded successfully]
[2025-07-14 12:41:47,647: INFO: common: created directory at: artifacts]
[2025-07-14 12:41:47,648: INFO: common: created directory at: artifacts/model_trainer]
[2025-07-14 12:41:47,740: INFO: main: >>>>>> stage Model Trainer stage completed <<<<<<

x==========x]
[2025-07-14 12:41:47,741: INFO: main: >>>>>> stage Model evaluation stage started <<<<<<]
[2025-07-14 12:41:47,745: INFO: common: yaml file: config\config.yaml loaded successfully]
[2025-07-14 12:41:47,747: INFO: common: yaml file: params.yaml loaded successfully]
[2025-07-14 12:41:47,751: INFO: common: yaml file: schema.yaml loaded successfully]
[2025-07-14 12:41:47,752: INFO: common: created directory at: artifacts]
[2025-07-14 12:41:47,753: INFO: common: created directory at: artifacts/model_evaluation]
[2025-07-14 12:41:49,973: INFO: common: json file saved at: artifacts\model_evaluation\metrics.json]
[2025-07-14 12:42:18,703: INFO: main: >>>>>> stage Model evaluation stage completed <<<<<<

x==========x]
[2025-07-14 12:42:19,422: INFO: _internal: 127.0.0.1 - - [14/Jul/2025 12:42:19] "GET /train HTTP/1.1" 200 -]
[2025-07-14 12:44:02,275: INFO: _internal: 127.0.0.1 - - [14/Jul/2025 12:44:02] "POST /predict HTTP/1.1" 200 -]
